[2018-03-30T10:29:14.343] [ERROR] errorLogger - 
*************** error log start ***************
request method: GET
request originalUrl:  /api/actionsStatic
request client ip:  ::1
request query:  {}
response time: 1
err name: TypeError
err message: indexServices.actionsStatic is not a function
err stack: TypeError: indexServices.actionsStatic is not a function
    at GET /api/actionsStatic (g:\vscode\monitor\controllers\index.js:50:48)
    at dispatch (G:\vscode\monitor\node_modules\_koa-compose@3.2.1@koa-compose\index.js:44:32)
    at next (G:\vscode\monitor\node_modules\_koa-compose@3.2.1@koa-compose\index.js:45:18)
    at G:\vscode\monitor\node_modules\_koa-router@7.4.0@koa-router\lib\router.js:346:16
    at dispatch (G:\vscode\monitor\node_modules\_koa-compose@3.2.1@koa-compose\index.js:44:32)
    at G:\vscode\monitor\node_modules\_koa-compose@3.2.1@koa-compose\index.js:36:12
    at dispatch (G:\vscode\monitor\node_modules\_koa-router@7.4.0@koa-router\lib\router.js:351:31)
    at dispatch (G:\vscode\monitor\node_modules\_koa-compose@4.0.0@koa-compose\index.js:42:32)
    at next (G:\vscode\monitor\node_modules\_koa-compose@4.0.0@koa-compose\index.js:43:18)
    at g:\vscode\monitor\rest.js:16:27
    at dispatch (G:\vscode\monitor\node_modules\_koa-compose@4.0.0@koa-compose\index.js:42:32)
    at next (G:\vscode\monitor\node_modules\_koa-compose@4.0.0@koa-compose\index.js:43:18)
    at bodyParser (G:\vscode\monitor\node_modules\_koa-bodyparser@4.2.0@koa-bodyparser\index.js:86:11)
    at <anonymous>
    at process._tickCallback (internal/process/next_tick.js:188:7)
*************** error log end ***************

[2018-03-30T10:29:36.610] [ERROR] errorLogger - 
*************** error log start ***************
request method: GET
request originalUrl:  /api/actionsStatic
request client ip:  ::1
request query:  {}
response time: 0
err name: TypeError
err message: indexServices.actionsStatic is not a function
err stack: TypeError: indexServices.actionsStatic is not a function
    at GET /api/actionsStatic (g:\vscode\monitor\controllers\index.js:50:48)
    at dispatch (G:\vscode\monitor\node_modules\_koa-compose@3.2.1@koa-compose\index.js:44:32)
    at next (G:\vscode\monitor\node_modules\_koa-compose@3.2.1@koa-compose\index.js:45:18)
    at G:\vscode\monitor\node_modules\_koa-router@7.4.0@koa-router\lib\router.js:346:16
    at dispatch (G:\vscode\monitor\node_modules\_koa-compose@3.2.1@koa-compose\index.js:44:32)
    at G:\vscode\monitor\node_modules\_koa-compose@3.2.1@koa-compose\index.js:36:12
    at dispatch (G:\vscode\monitor\node_modules\_koa-router@7.4.0@koa-router\lib\router.js:351:31)
    at dispatch (G:\vscode\monitor\node_modules\_koa-compose@4.0.0@koa-compose\index.js:42:32)
    at next (G:\vscode\monitor\node_modules\_koa-compose@4.0.0@koa-compose\index.js:43:18)
    at g:\vscode\monitor\rest.js:16:27
    at dispatch (G:\vscode\monitor\node_modules\_koa-compose@4.0.0@koa-compose\index.js:42:32)
    at next (G:\vscode\monitor\node_modules\_koa-compose@4.0.0@koa-compose\index.js:43:18)
    at bodyParser (G:\vscode\monitor\node_modules\_koa-bodyparser@4.2.0@koa-bodyparser\index.js:86:11)
    at <anonymous>
    at process._tickCallback (internal/process/next_tick.js:188:7)
*************** error log end ***************

[2018-03-30T10:29:37.998] [ERROR] errorLogger - 
*************** error log start ***************
request method: GET
request originalUrl:  /api/actionsStatic
request client ip:  ::1
request query:  {}
response time: 0
err name: TypeError
err message: indexServices.actionsStatic is not a function
err stack: TypeError: indexServices.actionsStatic is not a function
    at GET /api/actionsStatic (g:\vscode\monitor\controllers\index.js:50:48)
    at dispatch (G:\vscode\monitor\node_modules\_koa-compose@3.2.1@koa-compose\index.js:44:32)
    at next (G:\vscode\monitor\node_modules\_koa-compose@3.2.1@koa-compose\index.js:45:18)
    at G:\vscode\monitor\node_modules\_koa-router@7.4.0@koa-router\lib\router.js:346:16
    at dispatch (G:\vscode\monitor\node_modules\_koa-compose@3.2.1@koa-compose\index.js:44:32)
    at G:\vscode\monitor\node_modules\_koa-compose@3.2.1@koa-compose\index.js:36:12
    at dispatch (G:\vscode\monitor\node_modules\_koa-router@7.4.0@koa-router\lib\router.js:351:31)
    at dispatch (G:\vscode\monitor\node_modules\_koa-compose@4.0.0@koa-compose\index.js:42:32)
    at next (G:\vscode\monitor\node_modules\_koa-compose@4.0.0@koa-compose\index.js:43:18)
    at g:\vscode\monitor\rest.js:16:27
    at dispatch (G:\vscode\monitor\node_modules\_koa-compose@4.0.0@koa-compose\index.js:42:32)
    at next (G:\vscode\monitor\node_modules\_koa-compose@4.0.0@koa-compose\index.js:43:18)
    at bodyParser (G:\vscode\monitor\node_modules\_koa-bodyparser@4.2.0@koa-bodyparser\index.js:86:11)
    at <anonymous>
    at process._tickCallback (internal/process/next_tick.js:188:7)
*************** error log end ***************

[2018-03-30T10:30:00.560] [ERROR] errorLogger - 
*************** error log start ***************
request method: GET
request originalUrl:  /api/actionsStatic
request client ip:  ::1
request query:  {}
response time: 0
err name: TypeError
err message: indexServices.actionsStatic is not a function
err stack: TypeError: indexServices.actionsStatic is not a function
    at GET /api/actionsStatic (g:\vscode\monitor\controllers\index.js:50:48)
    at dispatch (G:\vscode\monitor\node_modules\_koa-compose@3.2.1@koa-compose\index.js:44:32)
    at next (G:\vscode\monitor\node_modules\_koa-compose@3.2.1@koa-compose\index.js:45:18)
    at G:\vscode\monitor\node_modules\_koa-router@7.4.0@koa-router\lib\router.js:346:16
    at dispatch (G:\vscode\monitor\node_modules\_koa-compose@3.2.1@koa-compose\index.js:44:32)
    at G:\vscode\monitor\node_modules\_koa-compose@3.2.1@koa-compose\index.js:36:12
    at dispatch (G:\vscode\monitor\node_modules\_koa-router@7.4.0@koa-router\lib\router.js:351:31)
    at dispatch (G:\vscode\monitor\node_modules\_koa-compose@4.0.0@koa-compose\index.js:42:32)
    at next (G:\vscode\monitor\node_modules\_koa-compose@4.0.0@koa-compose\index.js:43:18)
    at g:\vscode\monitor\rest.js:16:27
    at dispatch (G:\vscode\monitor\node_modules\_koa-compose@4.0.0@koa-compose\index.js:42:32)
    at next (G:\vscode\monitor\node_modules\_koa-compose@4.0.0@koa-compose\index.js:43:18)
    at bodyParser (G:\vscode\monitor\node_modules\_koa-bodyparser@4.2.0@koa-bodyparser\index.js:86:11)
    at <anonymous>
    at process._tickCallback (internal/process/next_tick.js:188:7)
*************** error log end ***************

[2018-03-30T10:30:06.199] [ERROR] errorLogger - 
*************** error log start ***************
request method: GET
request originalUrl:  /api/actionsStatic
request client ip:  ::1
request query:  {}
response time: 0
err name: TypeError
err message: indexServices.actionsStatic is not a function
err stack: TypeError: indexServices.actionsStatic is not a function
    at GET /api/actionsStatic (g:\vscode\monitor\controllers\index.js:50:48)
    at dispatch (G:\vscode\monitor\node_modules\_koa-compose@3.2.1@koa-compose\index.js:44:32)
    at next (G:\vscode\monitor\node_modules\_koa-compose@3.2.1@koa-compose\index.js:45:18)
    at G:\vscode\monitor\node_modules\_koa-router@7.4.0@koa-router\lib\router.js:346:16
    at dispatch (G:\vscode\monitor\node_modules\_koa-compose@3.2.1@koa-compose\index.js:44:32)
    at G:\vscode\monitor\node_modules\_koa-compose@3.2.1@koa-compose\index.js:36:12
    at dispatch (G:\vscode\monitor\node_modules\_koa-router@7.4.0@koa-router\lib\router.js:351:31)
    at dispatch (G:\vscode\monitor\node_modules\_koa-compose@4.0.0@koa-compose\index.js:42:32)
    at next (G:\vscode\monitor\node_modules\_koa-compose@4.0.0@koa-compose\index.js:43:18)
    at g:\vscode\monitor\rest.js:16:27
    at dispatch (G:\vscode\monitor\node_modules\_koa-compose@4.0.0@koa-compose\index.js:42:32)
    at next (G:\vscode\monitor\node_modules\_koa-compose@4.0.0@koa-compose\index.js:43:18)
    at bodyParser (G:\vscode\monitor\node_modules\_koa-bodyparser@4.2.0@koa-bodyparser\index.js:86:11)
    at <anonymous>
    at process._tickCallback (internal/process/next_tick.js:188:7)
*************** error log end ***************

[2018-03-30T10:30:19.920] [ERROR] errorLogger - 
*************** error log start ***************
request method: GET
request originalUrl:  /api/actionsStatic
request client ip:  ::1
request query:  {}
response time: 0
err name: TypeError
err message: indexServices.actionsStatic is not a function
err stack: TypeError: indexServices.actionsStatic is not a function
    at GET /api/actionsStatic (g:\vscode\monitor\controllers\index.js:50:48)
    at dispatch (G:\vscode\monitor\node_modules\_koa-compose@3.2.1@koa-compose\index.js:44:32)
    at next (G:\vscode\monitor\node_modules\_koa-compose@3.2.1@koa-compose\index.js:45:18)
    at G:\vscode\monitor\node_modules\_koa-router@7.4.0@koa-router\lib\router.js:346:16
    at dispatch (G:\vscode\monitor\node_modules\_koa-compose@3.2.1@koa-compose\index.js:44:32)
    at G:\vscode\monitor\node_modules\_koa-compose@3.2.1@koa-compose\index.js:36:12
    at dispatch (G:\vscode\monitor\node_modules\_koa-router@7.4.0@koa-router\lib\router.js:351:31)
    at dispatch (G:\vscode\monitor\node_modules\_koa-compose@4.0.0@koa-compose\index.js:42:32)
    at next (G:\vscode\monitor\node_modules\_koa-compose@4.0.0@koa-compose\index.js:43:18)
    at g:\vscode\monitor\rest.js:16:27
    at dispatch (G:\vscode\monitor\node_modules\_koa-compose@4.0.0@koa-compose\index.js:42:32)
    at next (G:\vscode\monitor\node_modules\_koa-compose@4.0.0@koa-compose\index.js:43:18)
    at bodyParser (G:\vscode\monitor\node_modules\_koa-bodyparser@4.2.0@koa-bodyparser\index.js:86:11)
    at <anonymous>
    at process._tickCallback (internal/process/next_tick.js:188:7)
*************** error log end ***************

[2018-03-30T10:56:47.143] [ERROR] errorLogger - 
*************** error log start ***************
request method: GET
request originalUrl:  /api/actionsStatic
request client ip:  ::1
request query:  {}
response time: 1
err name: ReferenceError
err message: dayBreak is not defined
err stack: ReferenceError: dayBreak is not defined
    at Object.actionsStatic (g:\vscode\monitor\core\services\index.js:68:26)
    at GET /api/actionsStatic (g:\vscode\monitor\controllers\index.js:50:48)
    at dispatch (G:\vscode\monitor\node_modules\_koa-compose@3.2.1@koa-compose\index.js:44:32)
    at next (G:\vscode\monitor\node_modules\_koa-compose@3.2.1@koa-compose\index.js:45:18)
    at G:\vscode\monitor\node_modules\_koa-router@7.4.0@koa-router\lib\router.js:346:16
    at dispatch (G:\vscode\monitor\node_modules\_koa-compose@3.2.1@koa-compose\index.js:44:32)
    at G:\vscode\monitor\node_modules\_koa-compose@3.2.1@koa-compose\index.js:36:12
    at dispatch (G:\vscode\monitor\node_modules\_koa-router@7.4.0@koa-router\lib\router.js:351:31)
    at dispatch (G:\vscode\monitor\node_modules\_koa-compose@4.0.0@koa-compose\index.js:42:32)
    at next (G:\vscode\monitor\node_modules\_koa-compose@4.0.0@koa-compose\index.js:43:18)
    at g:\vscode\monitor\rest.js:16:27
    at dispatch (G:\vscode\monitor\node_modules\_koa-compose@4.0.0@koa-compose\index.js:42:32)
    at next (G:\vscode\monitor\node_modules\_koa-compose@4.0.0@koa-compose\index.js:43:18)
    at bodyParser (G:\vscode\monitor\node_modules\_koa-bodyparser@4.2.0@koa-bodyparser\index.js:86:11)
    at <anonymous>
    at process._tickCallback (internal/process/next_tick.js:188:7)
*************** error log end ***************

[2018-03-30T10:56:54.075] [ERROR] errorLogger - 
*************** error log start ***************
request method: GET
request originalUrl:  /api/actionsStatic
request client ip:  ::1
request query:  {}
response time: 1
err name: ReferenceError
err message: dayBreak is not defined
err stack: ReferenceError: dayBreak is not defined
    at Object.actionsStatic (g:\vscode\monitor\core\services\index.js:68:26)
    at GET /api/actionsStatic (g:\vscode\monitor\controllers\index.js:50:48)
    at dispatch (G:\vscode\monitor\node_modules\_koa-compose@3.2.1@koa-compose\index.js:44:32)
    at next (G:\vscode\monitor\node_modules\_koa-compose@3.2.1@koa-compose\index.js:45:18)
    at G:\vscode\monitor\node_modules\_koa-router@7.4.0@koa-router\lib\router.js:346:16
    at dispatch (G:\vscode\monitor\node_modules\_koa-compose@3.2.1@koa-compose\index.js:44:32)
    at G:\vscode\monitor\node_modules\_koa-compose@3.2.1@koa-compose\index.js:36:12
    at dispatch (G:\vscode\monitor\node_modules\_koa-router@7.4.0@koa-router\lib\router.js:351:31)
    at dispatch (G:\vscode\monitor\node_modules\_koa-compose@4.0.0@koa-compose\index.js:42:32)
    at next (G:\vscode\monitor\node_modules\_koa-compose@4.0.0@koa-compose\index.js:43:18)
    at g:\vscode\monitor\rest.js:16:27
    at dispatch (G:\vscode\monitor\node_modules\_koa-compose@4.0.0@koa-compose\index.js:42:32)
    at next (G:\vscode\monitor\node_modules\_koa-compose@4.0.0@koa-compose\index.js:43:18)
    at bodyParser (G:\vscode\monitor\node_modules\_koa-bodyparser@4.2.0@koa-bodyparser\index.js:86:11)
    at <anonymous>
    at process._tickCallback (internal/process/next_tick.js:188:7)
*************** error log end ***************

[2018-03-30T10:57:11.219] [ERROR] errorLogger - 
*************** error log start ***************
request method: GET
request originalUrl:  /api/actionsStatic
request client ip:  ::1
request query:  {}
response time: 0
err name: ReferenceError
err message: dayBreak is not defined
err stack: ReferenceError: dayBreak is not defined
    at Object.actionsStatic (g:\vscode\monitor\core\services\index.js:68:26)
    at GET /api/actionsStatic (g:\vscode\monitor\controllers\index.js:50:48)
    at dispatch (G:\vscode\monitor\node_modules\_koa-compose@3.2.1@koa-compose\index.js:44:32)
    at next (G:\vscode\monitor\node_modules\_koa-compose@3.2.1@koa-compose\index.js:45:18)
    at G:\vscode\monitor\node_modules\_koa-router@7.4.0@koa-router\lib\router.js:346:16
    at dispatch (G:\vscode\monitor\node_modules\_koa-compose@3.2.1@koa-compose\index.js:44:32)
    at G:\vscode\monitor\node_modules\_koa-compose@3.2.1@koa-compose\index.js:36:12
    at dispatch (G:\vscode\monitor\node_modules\_koa-router@7.4.0@koa-router\lib\router.js:351:31)
    at dispatch (G:\vscode\monitor\node_modules\_koa-compose@4.0.0@koa-compose\index.js:42:32)
    at next (G:\vscode\monitor\node_modules\_koa-compose@4.0.0@koa-compose\index.js:43:18)
    at g:\vscode\monitor\rest.js:16:27
    at dispatch (G:\vscode\monitor\node_modules\_koa-compose@4.0.0@koa-compose\index.js:42:32)
    at next (G:\vscode\monitor\node_modules\_koa-compose@4.0.0@koa-compose\index.js:43:18)
    at bodyParser (G:\vscode\monitor\node_modules\_koa-bodyparser@4.2.0@koa-bodyparser\index.js:86:11)
    at <anonymous>
    at process._tickCallback (internal/process/next_tick.js:188:7)
*************** error log end ***************

[2018-03-30T10:58:36.699] [ERROR] errorLogger - 
*************** error log start ***************
request method: GET
request originalUrl:  /api/actionsStatic
request client ip:  ::1
request query:  {}
response time: 3
err name: ReferenceError
err message: dayBreak is not defined
err stack: ReferenceError: dayBreak is not defined
    at Object.actionsStatic (g:\vscode\monitor\core\services\index.js:68:26)
    at GET /api/actionsStatic (g:\vscode\monitor\controllers\index.js:50:48)
    at dispatch (G:\vscode\monitor\node_modules\_koa-compose@3.2.1@koa-compose\index.js:44:32)
    at next (G:\vscode\monitor\node_modules\_koa-compose@3.2.1@koa-compose\index.js:45:18)
    at G:\vscode\monitor\node_modules\_koa-router@7.4.0@koa-router\lib\router.js:346:16
    at dispatch (G:\vscode\monitor\node_modules\_koa-compose@3.2.1@koa-compose\index.js:44:32)
    at G:\vscode\monitor\node_modules\_koa-compose@3.2.1@koa-compose\index.js:36:12
    at dispatch (G:\vscode\monitor\node_modules\_koa-router@7.4.0@koa-router\lib\router.js:351:31)
    at dispatch (G:\vscode\monitor\node_modules\_koa-compose@4.0.0@koa-compose\index.js:42:32)
    at next (G:\vscode\monitor\node_modules\_koa-compose@4.0.0@koa-compose\index.js:43:18)
    at g:\vscode\monitor\rest.js:16:27
    at dispatch (G:\vscode\monitor\node_modules\_koa-compose@4.0.0@koa-compose\index.js:42:32)
    at next (G:\vscode\monitor\node_modules\_koa-compose@4.0.0@koa-compose\index.js:43:18)
    at bodyParser (G:\vscode\monitor\node_modules\_koa-bodyparser@4.2.0@koa-bodyparser\index.js:86:11)
    at <anonymous>
    at process._tickCallback (internal/process/next_tick.js:188:7)
*************** error log end ***************

[2018-03-30T10:59:39.385] [ERROR] errorLogger - 
*************** error log start ***************
request method: GET
request originalUrl:  /api/actionsStatic
request client ip:  ::1
request query:  {}
response time: 1
err name: ReferenceError
err message: dayBreak is not defined
err stack: ReferenceError: dayBreak is not defined
    at Object.actionsStatic (g:\vscode\monitor\core\services\index.js:68:26)
    at GET /api/actionsStatic (g:\vscode\monitor\controllers\index.js:50:48)
    at dispatch (G:\vscode\monitor\node_modules\_koa-compose@3.2.1@koa-compose\index.js:44:32)
    at next (G:\vscode\monitor\node_modules\_koa-compose@3.2.1@koa-compose\index.js:45:18)
    at G:\vscode\monitor\node_modules\_koa-router@7.4.0@koa-router\lib\router.js:346:16
    at dispatch (G:\vscode\monitor\node_modules\_koa-compose@3.2.1@koa-compose\index.js:44:32)
    at G:\vscode\monitor\node_modules\_koa-compose@3.2.1@koa-compose\index.js:36:12
    at dispatch (G:\vscode\monitor\node_modules\_koa-router@7.4.0@koa-router\lib\router.js:351:31)
    at dispatch (G:\vscode\monitor\node_modules\_koa-compose@4.0.0@koa-compose\index.js:42:32)
    at next (G:\vscode\monitor\node_modules\_koa-compose@4.0.0@koa-compose\index.js:43:18)
    at g:\vscode\monitor\rest.js:16:27
    at dispatch (G:\vscode\monitor\node_modules\_koa-compose@4.0.0@koa-compose\index.js:42:32)
    at next (G:\vscode\monitor\node_modules\_koa-compose@4.0.0@koa-compose\index.js:43:18)
    at bodyParser (G:\vscode\monitor\node_modules\_koa-bodyparser@4.2.0@koa-bodyparser\index.js:86:11)
    at <anonymous>
    at process._tickCallback (internal/process/next_tick.js:188:7)
*************** error log end ***************

