[2018-03-30T12:36:33.635] [ERROR] errorLogger - 
*************** error log start ***************
request method: GET
request originalUrl:  /api/errorsStatic
request client ip:  ::1
request query:  {}
response time: 0
err name: TypeError
err message: indexServices.errorsStatic is not a function
err stack: TypeError: indexServices.errorsStatic is not a function
    at GET /api/errorsStatic (g:\vscode\monitor\controllers\index.js:62:48)
    at dispatch (G:\vscode\monitor\node_modules\_koa-compose@3.2.1@koa-compose\index.js:44:32)
    at next (G:\vscode\monitor\node_modules\_koa-compose@3.2.1@koa-compose\index.js:45:18)
    at G:\vscode\monitor\node_modules\_koa-router@7.4.0@koa-router\lib\router.js:346:16
    at dispatch (G:\vscode\monitor\node_modules\_koa-compose@3.2.1@koa-compose\index.js:44:32)
    at G:\vscode\monitor\node_modules\_koa-compose@3.2.1@koa-compose\index.js:36:12
    at dispatch (G:\vscode\monitor\node_modules\_koa-router@7.4.0@koa-router\lib\router.js:351:31)
    at dispatch (G:\vscode\monitor\node_modules\_koa-compose@4.0.0@koa-compose\index.js:42:32)
    at next (G:\vscode\monitor\node_modules\_koa-compose@4.0.0@koa-compose\index.js:43:18)
    at g:\vscode\monitor\rest.js:16:27
    at dispatch (G:\vscode\monitor\node_modules\_koa-compose@4.0.0@koa-compose\index.js:42:32)
    at next (G:\vscode\monitor\node_modules\_koa-compose@4.0.0@koa-compose\index.js:43:18)
    at bodyParser (G:\vscode\monitor\node_modules\_koa-bodyparser@4.2.0@koa-bodyparser\index.js:86:11)
    at <anonymous>
    at process._tickCallback (internal/process/next_tick.js:188:7)
*************** error log end ***************

[2018-03-30T12:37:45.007] [ERROR] errorLogger - 
*************** error log start ***************
request method: GET
request originalUrl:  /api/errorsStatic
request client ip:  ::1
request query:  {}
response time: 0
err name: TypeError
err message: indexServices.errorsStatic is not a function
err stack: TypeError: indexServices.errorsStatic is not a function
    at GET /api/errorsStatic (g:\vscode\monitor\controllers\index.js:62:48)
    at dispatch (G:\vscode\monitor\node_modules\_koa-compose@3.2.1@koa-compose\index.js:44:32)
    at next (G:\vscode\monitor\node_modules\_koa-compose@3.2.1@koa-compose\index.js:45:18)
    at G:\vscode\monitor\node_modules\_koa-router@7.4.0@koa-router\lib\router.js:346:16
    at dispatch (G:\vscode\monitor\node_modules\_koa-compose@3.2.1@koa-compose\index.js:44:32)
    at G:\vscode\monitor\node_modules\_koa-compose@3.2.1@koa-compose\index.js:36:12
    at dispatch (G:\vscode\monitor\node_modules\_koa-router@7.4.0@koa-router\lib\router.js:351:31)
    at dispatch (G:\vscode\monitor\node_modules\_koa-compose@4.0.0@koa-compose\index.js:42:32)
    at next (G:\vscode\monitor\node_modules\_koa-compose@4.0.0@koa-compose\index.js:43:18)
    at g:\vscode\monitor\rest.js:16:27
    at dispatch (G:\vscode\monitor\node_modules\_koa-compose@4.0.0@koa-compose\index.js:42:32)
    at next (G:\vscode\monitor\node_modules\_koa-compose@4.0.0@koa-compose\index.js:43:18)
    at bodyParser (G:\vscode\monitor\node_modules\_koa-bodyparser@4.2.0@koa-bodyparser\index.js:86:11)
    at <anonymous>
    at process._tickCallback (internal/process/next_tick.js:188:7)
*************** error log end ***************

[2018-03-30T12:37:50.962] [ERROR] errorLogger - 
*************** error log start ***************
request method: GET
request originalUrl:  /api/errorsStatic
request client ip:  ::1
request query:  {}
response time: 0
err name: TypeError
err message: indexServices.errorsStatic is not a function
err stack: TypeError: indexServices.errorsStatic is not a function
    at GET /api/errorsStatic (g:\vscode\monitor\controllers\index.js:62:48)
    at dispatch (G:\vscode\monitor\node_modules\_koa-compose@3.2.1@koa-compose\index.js:44:32)
    at next (G:\vscode\monitor\node_modules\_koa-compose@3.2.1@koa-compose\index.js:45:18)
    at G:\vscode\monitor\node_modules\_koa-router@7.4.0@koa-router\lib\router.js:346:16
    at dispatch (G:\vscode\monitor\node_modules\_koa-compose@3.2.1@koa-compose\index.js:44:32)
    at G:\vscode\monitor\node_modules\_koa-compose@3.2.1@koa-compose\index.js:36:12
    at dispatch (G:\vscode\monitor\node_modules\_koa-router@7.4.0@koa-router\lib\router.js:351:31)
    at dispatch (G:\vscode\monitor\node_modules\_koa-compose@4.0.0@koa-compose\index.js:42:32)
    at next (G:\vscode\monitor\node_modules\_koa-compose@4.0.0@koa-compose\index.js:43:18)
    at g:\vscode\monitor\rest.js:16:27
    at dispatch (G:\vscode\monitor\node_modules\_koa-compose@4.0.0@koa-compose\index.js:42:32)
    at next (G:\vscode\monitor\node_modules\_koa-compose@4.0.0@koa-compose\index.js:43:18)
    at bodyParser (G:\vscode\monitor\node_modules\_koa-bodyparser@4.2.0@koa-bodyparser\index.js:86:11)
    at <anonymous>
    at process._tickCallback (internal/process/next_tick.js:188:7)
*************** error log end ***************

[2018-03-30T12:39:21.333] [ERROR] errorLogger - 
*************** error log start ***************
request method: GET
request originalUrl:  /api/errorsStatic
request client ip:  ::1
request query:  {}
response time: 0
err name: TypeError
err message: indexServices.errorsStatic is not a function
err stack: TypeError: indexServices.errorsStatic is not a function
    at GET /api/errorsStatic (g:\vscode\monitor\controllers\index.js:62:48)
    at dispatch (G:\vscode\monitor\node_modules\_koa-compose@3.2.1@koa-compose\index.js:44:32)
    at next (G:\vscode\monitor\node_modules\_koa-compose@3.2.1@koa-compose\index.js:45:18)
    at G:\vscode\monitor\node_modules\_koa-router@7.4.0@koa-router\lib\router.js:346:16
    at dispatch (G:\vscode\monitor\node_modules\_koa-compose@3.2.1@koa-compose\index.js:44:32)
    at G:\vscode\monitor\node_modules\_koa-compose@3.2.1@koa-compose\index.js:36:12
    at dispatch (G:\vscode\monitor\node_modules\_koa-router@7.4.0@koa-router\lib\router.js:351:31)
    at dispatch (G:\vscode\monitor\node_modules\_koa-compose@4.0.0@koa-compose\index.js:42:32)
    at next (G:\vscode\monitor\node_modules\_koa-compose@4.0.0@koa-compose\index.js:43:18)
    at g:\vscode\monitor\rest.js:16:27
    at dispatch (G:\vscode\monitor\node_modules\_koa-compose@4.0.0@koa-compose\index.js:42:32)
    at next (G:\vscode\monitor\node_modules\_koa-compose@4.0.0@koa-compose\index.js:43:18)
    at bodyParser (G:\vscode\monitor\node_modules\_koa-bodyparser@4.2.0@koa-bodyparser\index.js:86:11)
    at <anonymous>
    at process._tickCallback (internal/process/next_tick.js:188:7)
*************** error log end ***************

